[37m[48;5;21m[1m
[H[2J[3J   â•”â•â•â•â•â•â•â•â•â•â•â•â•â•â•â•â•â•â•â•â•â•â•â•â•â•â•â•â•â•â•â•â•â•â•â•â•â•â•â•â•â•â•â•â•â•â•â•â•â•â•â•â•â•â•â•â•â•â•â•â•â•â•â•â•â•â•â•â•â•â•â•â•â•â•â•â•â•â•â•â•â•â•â•â•â•—
   â•‘   THIS SCRIPT IS PROVIDED "AS IS" AND FOR PERSONAL USE ONLY.                       â•‘
   â•‘   IT MAY NOT SUIT ALL USE CASES, AND NO WARRANTY OR SUPPORT IS OFFERED.            â•‘
   â•‘   THIS SCRIPT IS LICENSED UNDER THE MIT LICENSE.                                   â•‘
   â•‘   FOR MORE DETAILS, REFER TO THE LICENSE FILE IN THE REPOSITORY                    â•‘
   â•‘   https://raw.githubusercontent.com/darrenoshan/pfs41/refs/heads/main/LICENSE      â•‘
   â•‘                                                                                    â•‘
   â•‘   THE SCRIPT IS WITTEN FOR FEDORA LINUX https://fedoraproject.org V41 ONLY         â•‘
   â•‘   GET THE LATEST COPY OF THE FROM: https://github.com/darrenoshan/pfs41            â•‘
   â•šâ•â•â•â•â•â•â•â•â•â•â•â•â•â•â•â•â•â•â•â•â•â•â•â•â•â•â•â•â•â•â•â•â•â•â•â•â•â•â•â•â•â•â•â•â•â•â•â•â•â•â•â•â•â•â•â•â•â•â•â•â•â•â•â•â•â•â•â•â•â•â•â•â•â•â•â•â•â•â•â•â•â•â•â•â•
â•â•â•â•â•â•â•â•â•â•â•â•â•â•â•â•â•â•â•â•â•â•â•â•â•â•â•â•â•â•â•â•â•â•â•â•â•â•â•â•â•â•â•â•â•â•â•â•â•â•â•â•â•â•â•â•â•â•â•â•â•â•â•â•â•â•â•â•â•â•â•â•â•â•â•â•â•â•â•â•â•â•â•â•â•â•â•â•â•â•â•â•â•â•â•â•â•â•â•â•â•â•â•â•â•â•â•â•â•â•â•â•â•â•â•â•â•â•â•â•â•â•â•â•â•â•â•â•â•â•â•â•â•â•â•â•â•â•â•â•â•â•â•â•â•â•â•
   DO YO AGREE TO RUN THIS SCRIPT WITH THE ABOVE CONDITIONS ? [y/N] 
â•â•â•â•â•â•â•â•â•â•â•â•â•â•â•â•â•â•â•â•â•â•â•â•â•â•â•â•â•â•â•â•â•â•â•â•â•â•â•â•â•â•â•â•â•â•â•â•â•â•â•â•â•â•â•â•â•â•â•â•â•â•â•â•â•â•â•â•â•â•â•â•â•â•â•â•â•â•â•â•â•â•â•â•â•â•â•â•â•â•â•â•â•â•â•â•â•â•â•â•â•â•â•â•â•â•â•â•â•â•â•â•â•â•â•â•â•â•â•â•â•â•â•â•â•â•â•â•â•â•â•â•â•â•â•â•â•â•â•â•â•â•â•â•â•â•â•
AGREE        y
THEUSER      
EXTRA        0
SELINUX      0
HARDWAREUP   0
SOFTWAREUP   0
INSTALL      0
GUI          0
MMEDIA       1
SYSADMIN     0
VIRT         0
PROXY        0
HASDNF4      0
HASDNF5      0
DESKENV      0
 --- 1403/11/08-07:58:35 ---  :  --------> Running : check_fedora 
(B[m[34m[48;5;21m[J[37m[48;5;21m[1m --- 1403/11/08-07:58:35 ---  :  --------> Running : configure 
(B[m[34m[48;5;21m[J[37m[48;5;21m[1m --- 1403/11/08-07:58:35 ---  :  --------> Running : proxy 
(B[m[34m[48;5;21m[J[37m[48;5;21m[1m --- 1403/11/08-07:58:35 ---  :  --------> Running : disable_selinux 
(B[m[34m[48;5;21m[J[37m[48;5;21m[1m --- 1403/11/08-07:58:35 ---  :  --------> Running : config_repos 
(B[m[34m[48;5;21m[J[37m[48;5;21m[1m --- 1403/11/08-07:58:35 ---  :  --------> Running : before_install 
(B[m[34m[48;5;21m[J[37m[48;5;21m[1m --- 1403/11/08-07:58:35 ---  :  --------> Running : system_update 
(B[m[34m[48;5;21m[J[37m[48;5;21m[1m --- 1403/11/08-07:58:35 ---  :  --------> Running : hardware_update 
(B[m[34m[48;5;21m[J[37m[48;5;21m[1m --- 1403/11/08-07:58:35 ---  :  --------> Running : install_packages 
(B[m[34m[48;5;21m[JMissing positional argument "group-spec" for command "install". Add "--help" for more information about the arguments.
[37m[48;5;21m[1m --- 1403/11/08-07:58:35 ---  :  --------> Running : system_admin_tools 
(B[m[34m[48;5;21m[J[37m[48;5;21m[1m --- 1403/11/08-07:58:35 ---  :  --------> Running : netadmin_tools 
(B[m[34m[48;5;21m[J[37m[48;5;21m[1m --- 1403/11/08-07:58:35 ---  :  --------> Running : vm_virtualization 
(B[m[34m[48;5;21m[J[37m[48;5;21m[1m --- 1403/11/08-07:58:35 ---  :  --------> Running : remove_packages 
(B[m[34m[48;5;21m[J[37m[48;5;21m[1m --- 1403/11/08-07:58:35 ---  :  --------> Running : post_install 
(B[m[34m[48;5;21m[J[37m[48;5;21m[1mâ•â•â•â•â•â•â•â•â•â•â•â•â•â•â•â•â•â•â•â•â•â•â•â•â•â•â•â•â•â•â•â•â•â•â•â•â•â•â•â•â•â•â•â•â•â•â•â•â•â•â•â•â•â•â•â•â•â•â•â•â•â•â•â•â•â•â•â•â•â•â•â•â•â•â•â•â•â•â•â•â•â•â•â•â•â•â•â•â•â•â•â•â•â•â•â•â•â•â•â•â•â•â•â•â•â•â•â•â•â•â•â•â•â•â•â•â•â•â•â•â•â•â•â•â•â•â•â•â•â•â•â•â•â•â•â•â•â•â•â•â•â•â•â•â•â•â•
[J[0m(B[m[J