[37m[48;5;21m[1m
[H[2J[3J   â•”â•â•â•â•â•â•â•â•â•â•â•â•â•â•â•â•â•â•â•â•â•â•â•â•â•â•â•â•â•â•â•â•â•â•â•â•â•â•â•â•â•â•â•â•â•â•â•â•â•â•â•â•â•â•â•â•â•â•â•â•â•â•â•â•â•â•â•â•â•â•â•â•â•â•â•â•â•â•â•â•â•â•â•â•â•—
   â•‘   THIS SCRIPT IS PROVIDED "AS IS" AND FOR PERSONAL USE ONLY.                       â•‘
   â•‘   IT MAY NOT SUIT ALL USE CASES, AND NO WARRANTY OR SUPPORT IS OFFERED.            â•‘
   â•‘   THIS SCRIPT IS LICENSED UNDER THE MIT LICENSE.                                   â•‘
   â•‘   FOR MORE DETAILS, REFER TO THE LICENSE FILE IN THE REPOSITORY                    â•‘
   â•‘   https://raw.githubusercontent.com/darrenoshan/pfs41/refs/heads/main/LICENSE      â•‘
   â•‘                                                                                    â•‘
   â•‘   THE SCRIPT IS WITTEN FOR FEDORA LINUX https://fedoraproject.org V41 ONLY         â•‘
   â•‘   GET THE LATEST COPY OF THE FROM: https://github.com/darrenoshan/pfs41            â•‘
   â•šâ•â•â•â•â•â•â•â•â•â•â•â•â•â•â•â•â•â•â•â•â•â•â•â•â•â•â•â•â•â•â•â•â•â•â•â•â•â•â•â•â•â•â•â•â•â•â•â•â•â•â•â•â•â•â•â•â•â•â•â•â•â•â•â•â•â•â•â•â•â•â•â•â•â•â•â•â•â•â•â•â•â•â•â•â•
â•â•â•â•â•â•â•â•â•â•â•â•â•â•â•â•â•â•â•â•â•â•â•â•â•â•â•â•â•â•â•â•â•â•â•â•â•â•â•â•â•â•â•â•â•â•â•â•â•â•â•â•â•â•â•â•â•â•â•â•â•â•â•â•â•â•â•â•â•â•â•â•â•â•â•â•â•â•â•â•â•â•â•â•â•â•â•â•â•â•â•â•â•â•â•â•â•â•â•â•â•â•â•â•â•â•â•â•â•â•â•â•â•â•â•â•â•â•â•â•â•â•â•â•â•â•â•â•â•â•â•â•â•â•â•â•â•â•â•â•â•â•â•â•â•â•â•
   DO YO AGREE TO RUN THIS SCRIPT WITH THE ABOVE CONDITIONS ? [y/N] 
â•â•â•â•â•â•â•â•â•â•â•â•â•â•â•â•â•â•â•â•â•â•â•â•â•â•â•â•â•â•â•â•â•â•â•â•â•â•â•â•â•â•â•â•â•â•â•â•â•â•â•â•â•â•â•â•â•â•â•â•â•â•â•â•â•â•â•â•â•â•â•â•â•â•â•â•â•â•â•â•â•â•â•â•â•â•â•â•â•â•â•â•â•â•â•â•â•â•â•â•â•â•â•â•â•â•â•â•â•â•â•â•â•â•â•â•â•â•â•â•â•â•â•â•â•â•â•â•â•â•â•â•â•â•â•â•â•â•â•â•â•â•â•â•â•â•â•
AGREE        y
THEUSER      
EXTRA        0
SELINUX      0
HARDWAREUP   0
SOFTWAREUP   0
INSTALL      0
GUI          0
MMEDIA       1
SYSADMIN     0
VIRT         0
PROXY        0
HASDNF4      0
HASDNF5      0
DESKENV      0
 --- 1403/11/08-07:55:07 ---  :  --------> Running : check_fedora 
(B[m[34m[48;5;21m[J[37m[48;5;21m[1m --- 1403/11/08-07:55:07 ---  :  --------> Running : configure 
(B[m[34m[48;5;21m[J[37m[48;5;21m[1m --- 1403/11/08-07:55:07 ---  :  --------> Running : proxy 
(B[m[34m[48;5;21m[J[37m[48;5;21m[1m --- 1403/11/08-07:55:07 ---  :  --------> Running : disable_selinux 
(B[m[34m[48;5;21m[J[37m[48;5;21m[1m --- 1403/11/08-07:55:07 ---  :  --------> Running : config_repos 
(B[m[34m[48;5;21m[J[37m[48;5;21m[1m --- 1403/11/08-07:55:08 ---  :  --------> Running : before_install 
(B[m[34m[48;5;21m[J[37m[48;5;21m[1m --- 1403/11/08-07:55:08 ---  :  --------> Running : system_update 
(B[m[34m[48;5;21m[J[37m[48;5;21m[1m --- 1403/11/08-07:55:08 ---  :  --------> Running : hardware_update 
(B[m[34m[48;5;21m[J[37m[48;5;21m[1m --- 1403/11/08-07:55:08 ---  :  --------> Running : install_packages 
(B[m[34m[48;5;21m[JUpdating and loading repositories:
Repositories loaded.
Package "ffmpeg-7.0.2-4.fc41.x86_64" is already installed.
Package "HandBrake-gui-1.8.2-3.fc41.x86_64" is already installed.
Package "soundconverter-4.0.5-3.fc41.noarch" is already installed.
Package "cozy-1.3.0-3.fc41.noarch" is already installed.
Package "celluloid-0.27-2.fc41.x86_64" is already installed.
Package "libglvnd-glx-1:1.7.0-5.fc41.x86_64" is already installed.
Package "libglvnd-glx-1:1.7.0-5.fc41.i686" is already installed.
Package "libglvnd-opengl-1:1.7.0-5.fc41.x86_64" is already installed.
Package "audacious-4.4.2-1.fc41.x86_64" is already installed.
Package "audacious-plugins-freeworld-4.4.2-1.fc41.x86_64" is already installed.
Package "audacious-plugins-freeworld-aac-4.4.2-1.fc41.x86_64" is already installed.
Package "vlc-1:3.0.21-15.fc41.x86_64" is already installed.
Package "vlc-plugin-crystalhd-1:3.0.21-15.fc41.x86_64" is already installed.
Package "vlc-plugins-base-1:3.0.21-15.fc41.x86_64" is already installed.
Package "vlc-plugin-ffmpeg-1:3.0.21-15.fc41.x86_64" is already installed.
Package "vlc-plugin-pipewire-3-4.fc41.x86_64" is already installed.

Nothing to do.
Missing positional argument "group-spec" for command "install". Add "--help" for more information about the arguments.
Updating and loading repositories:
Repositories loaded.
Package "ffmpeg-7.0.2-4.fc41.x86_64" is already installed.
No packages to remove for argument: ffmpeg-free

Nothing to do.
[37m[48;5;21m[1m --- 1403/11/08-07:55:11 ---  :  --------> Running : system_admin_tools 
(B[m[34m[48;5;21m[J[37m[48;5;21m[1m --- 1403/11/08-07:55:11 ---  :  --------> Running : netadmin_tools 
(B[m[34m[48;5;21m[J[37m[48;5;21m[1m --- 1403/11/08-07:55:11 ---  :  --------> Running : vm_virtualization 
(B[m[34m[48;5;21m[J[37m[48;5;21m[1m --- 1403/11/08-07:55:11 ---  :  --------> Running : remove_packages 
(B[m[34m[48;5;21m[J[37m[48;5;21m[1m --- 1403/11/08-07:55:11 ---  :  --------> Running : post_install 
(B[m[34m[48;5;21m[J[37m[48;5;21m[1mâ•â•â•â•â•â•â•â•â•â•â•â•â•â•â•â•â•â•â•â•â•â•â•â•â•â•â•â•â•â•â•â•â•â•â•â•â•â•â•â•â•â•â•â•â•â•â•â•â•â•â•â•â•â•â•â•â•â•â•â•â•â•â•â•â•â•â•â•â•â•â•â•â•â•â•â•â•â•â•â•â•â•â•â•â•â•â•â•â•â•â•â•â•â•â•â•â•â•â•â•â•â•â•â•â•â•â•â•â•â•â•â•â•â•â•â•â•â•â•â•â•â•â•â•â•â•â•â•â•â•â•â•â•â•â•â•â•â•â•â•â•â•â•â•â•â•â•
[J[0m(B[m[J